<?xml version="1.0" encoding="UTF-8"?>
<testng-results ignored="0" total="1" passed="1" failed="0" skipped="0">
  <reporter-output>
  </reporter-output>
  <suite started-at="2024-04-06T16:23:09 IST" name="Suite" finished-at="2024-04-06T16:23:12 IST" duration-ms="3170">
    <groups>
    </groups>
    <test started-at="2024-04-06T16:23:09 IST" name="Test" finished-at="2024-04-06T16:23:12 IST" duration-ms="3170">
      <class name="testcases.TestLandingPage">
        <test-method signature="setupDriver()[pri:0, instance:testcases.TestLandingPage@35aea049]" started-at="2024-04-06T16:23:09 IST" name="setupDriver" finished-at="2024-04-06T16:23:12 IST" duration-ms="3126" status="PASS">
          <reporter-output>
          </reporter-output>
        </test-method> <!-- setupDriver -->
      </class> <!-- testcases.TestLandingPage -->
    </test> <!-- Test -->
  </suite> <!-- Suite -->
</testng-results>
