<?xml version="1.0" encoding="UTF-8"?>
<testng-results ignored="0" total="1" passed="1" failed="0" skipped="0">
  <reporter-output>
  </reporter-output>
  <suite started-at="2024-04-06T15:44:08 IST" name="Default suite" finished-at="2024-04-06T15:44:11 IST" duration-ms="2567">
    <groups>
    </groups>
    <test started-at="2024-04-06T15:44:08 IST" name="Default test" finished-at="2024-04-06T15:44:11 IST" duration-ms="2567">
      <class name="testcases.TestLandingPage">
        <test-method signature="setupDriver()[pri:0, instance:testcases.TestLandingPage@82de64a]" started-at="2024-04-06T15:44:09 IST" name="setupDriver" finished-at="2024-04-06T15:44:11 IST" duration-ms="2520" status="PASS">
          <reporter-output>
          </reporter-output>
        </test-method> <!-- setupDriver -->
      </class> <!-- testcases.TestLandingPage -->
    </test> <!-- Default test -->
  </suite> <!-- Default suite -->
</testng-results>
